E:\Проекты\C++\MINER\DEBUG\APPLICATION.OBJ
E:\Проекты\C++\Miner\Debug\cl.command.1.tlog
E:\Проекты\C++\Miner\Debug\CL.read.1.tlog
E:\Проекты\C++\Miner\Debug\CL.write.1.tlog
E:\Проекты\C++\MINER\DEBUG\FIELD.OBJ
E:\Проекты\C++\MINER\DEBUG\FIELDMANAGER.OBJ
E:\Проекты\C++\Miner\Debug\link.command.1.tlog
E:\Проекты\C++\Miner\Debug\link.read.1.tlog
E:\Проекты\C++\Miner\Debug\link.write.1.tlog
E:\Проекты\C++\Miner\Debug\link-cvtres.read.1.tlog
E:\Проекты\C++\Miner\Debug\link-cvtres.write.1.tlog
E:\Проекты\C++\MINER\DEBUG\MAIN.OBJ
E:\Проекты\C++\MINER\DEBUG\MINER.EXE
E:\Проекты\C++\MINER\DEBUG\MINER.EXE.EMBED.MANIFEST
E:\Проекты\C++\MINER\DEBUG\MINER.EXE.EMBED.MANIFEST.RES
E:\Проекты\C++\MINER\DEBUG\MINER.EXE.INTERMEDIATE.MANIFEST
E:\Проекты\C++\MINER\DEBUG\MINER.ILK
E:\ПРОЕКТЫ\C++\MINER\DEBUG\MINER.PDB
E:\Проекты\C++\MINER\DEBUG\MINER.RES
E:\Проекты\C++\Miner\Debug\Miner_manifest.rc
E:\Проекты\C++\Miner\Debug\mt.command.1.tlog
E:\Проекты\C++\Miner\Debug\mt.read.1.tlog
E:\Проекты\C++\Miner\Debug\mt.write.1.tlog
E:\Проекты\C++\Miner\Debug\rc.command.1.tlog
E:\Проекты\C++\Miner\Debug\rc.read.1.tlog
E:\Проекты\C++\Miner\Debug\rc.write.1.tlog
E:\Проекты\C++\MINER\DEBUG\TEXT.OBJ
E:\Проекты\C++\Miner\Debug\vc100.idb
E:\ПРОЕКТЫ\C++\MINER\DEBUG\VC100.PDB
