E:\Проекты\C++\MINER\RELEASE\APPLICATION.OBJ
E:\Проекты\C++\Miner\Release\cl.command.1.tlog
E:\Проекты\C++\Miner\Release\CL.read.1.tlog
E:\Проекты\C++\Miner\Release\CL.write.1.tlog
E:\Проекты\C++\MINER\RELEASE\FIELD.OBJ
E:\Проекты\C++\MINER\RELEASE\FIELDMANAGER.OBJ
E:\Проекты\C++\Miner\Release\link.command.1.tlog
E:\Проекты\C++\Miner\Release\link.read.1.tlog
E:\Проекты\C++\Miner\Release\link.write.1.tlog
E:\Проекты\C++\Miner\Release\link-cvtres.read.1.tlog
E:\Проекты\C++\Miner\Release\link-cvtres.write.1.tlog
E:\Проекты\C++\MINER\RELEASE\MAIN.OBJ
E:\Проекты\C++\MINER\RELEASE\MINER.EXE
E:\Проекты\C++\MINER\RELEASE\MINER.EXE.INTERMEDIATE.MANIFEST
E:\ПРОЕКТЫ\C++\MINER\RELEASE\MINER.PDB
E:\Проекты\C++\MINER\RELEASE\MINER.RES
E:\Проекты\C++\Miner\Release\mt.command.1.tlog
E:\Проекты\C++\Miner\Release\mt.read.1.tlog
E:\Проекты\C++\Miner\Release\mt.write.1.tlog
E:\Проекты\C++\Miner\Release\rc.command.1.tlog
E:\Проекты\C++\Miner\Release\rc.read.1.tlog
E:\Проекты\C++\Miner\Release\rc.write.1.tlog
E:\Проекты\C++\MINER\RELEASE\TEXT.OBJ
E:\ПРОЕКТЫ\C++\MINER\RELEASE\VC100.PDB
